
2025-10-14T23:27:04+0100,type=addsensorvalue,device=utevind,event=SettingsUpdated
2025-10-14T23:27:12+0100,type=addsensorvalue,temperature=9.2,humidity=68.7,dewpoint=3.7,device=utevind
2025-10-14T23:27:33+0100,type=addsensorvalue,temperature=9.2,humidity=68.8,dewpoint=3.8,device=utevind
2025-10-14T23:29:52+0100,type=addsensorvalue,device=energymeter,event=SettingsUpdated
2025-10-14T23:30:21+0100,type=logenergyusage,wh=4
2025-10-14T23:30:23+0100,type=addsensorvalue,humidity=26.0,device=vvb,event=LowHumidity
2025-10-14T23:30:31+0100,type=addsensorvalue,humidity=26.0,device=vvb,event=LowHumidity
2025-10-14T23:30:35+0100,type=addsensorvalue,temperature=30.4,humidity=26.0,dewpoint=8.7,device=vvb
2025-10-14T23:31:21+0100,type=logenergyusage,wh=37
2025-10-14T23:31:30+0100,type=addsensorvalue,device=vvb,event=SettingsUpdated
2025-10-14T23:31:37+0100,type=addsensorvalue,humidity=26.0,device=vvb,event=LowHumidity
2025-10-14T23:31:40+0100,type=addsensorvalue,temperature=30.3,humidity=26.0,dewpoint=8.6,device=vvb
2025-10-14T23:32:21+0100,type=logenergyusage,wh=67
2025-10-14T23:32:34+0100,type=addsensorvalue,humidity=26.0,device=vvb,event=LowHumidity
2025-10-14T23:32:50+0100,type=addsensorvalue,temperature=30.3,humidity=26.0,dewpoint=8.6,device=vvb
2025-10-14T23:33:21+0100,type=logenergyusage,wh=67
2025-10-14T23:34:21+0100,type=logenergyusage,wh=40
2025-10-14T23:35:21+0100,type=logenergyusage,wh=89
2025-10-14T23:36:21+0100,type=logenergyusage,wh=45
2025-10-14T23:37:21+0100,type=logenergyusage,wh=74
2025-10-14T23:38:21+0100,type=logenergyusage,wh=69
2025-10-14T23:39:21+0100,type=logenergyusage,wh=51
2025-10-14T23:40:21+0100,type=logenergyusage,wh=91
2025-10-14T23:41:21+0100,type=logenergyusage,wh=41
2025-10-14T23:41:57+0100,type=addsensorvalue,temperature=18.1,humidity=61.9,dewpoint=10.7,device=innevind
2025-10-14T23:42:21+0100,type=logenergyusage,wh=74
2025-10-14T23:43:21+0100,type=logenergyusage,wh=57
2025-10-14T23:43:23+0100,type=addsensorvalue,temperature=21.3,humidity=53.9,dewpoint=11.6,device=nerehall
2025-10-14T23:44:19+0100,type=addsensorvalue,device=nerehall,event=SettingsUpdated
2025-10-14T23:44:21+0100,type=logenergyusage,wh=42
2025-10-14T23:44:29+0100,type=addsensorvalue,temperature=21.4,humidity=53.9,dewpoint=11.7,device=nerehall
2025-10-14T23:44:49+0100,type=addsensorvalue,temperature=21.4,humidity=53.9,dewpoint=11.7,device=nerehall
2025-10-14T23:44:52+0100,type=addsensorvalue,device=kontor,event=SettingsUpdated
2025-10-14T23:45:17+0100,type=addsensorvalue,temperature=21.6,humidity=51.5,dewpoint=11.2,device=kontor
2025-10-14T23:45:21+0100,type=logenergyusage,wh=68
2025-10-14T23:46:21+0100,type=logenergyusage,wh=33
2025-10-14T23:47:21+0100,type=logenergyusage,wh=64
2025-10-14T23:47:33+0100,type=addsensorvalue,temperature=9.0,humidity=69.2,dewpoint=3.6,device=utevind
2025-10-14T23:48:21+0100,type=logenergyusage,wh=44
2025-10-14T23:49:21+0100,type=logenergyusage,wh=28
2025-10-14T23:50:21+0100,type=logenergyusage,wh=45
2025-10-14T23:51:21+0100,type=logenergyusage,wh=8
2025-10-14T23:52:21+0100,type=logenergyusage,wh=23
2025-10-14T23:52:49+0100,type=addsensorvalue,temperature=31.3,humidity=25.5,dewpoint=8.9,device=vvb
2025-10-14T23:53:21+0100,type=logenergyusage,wh=16
2025-10-14T23:54:21+0100,type=logenergyusage,wh=8
2025-10-14T23:55:21+0100,type=logenergyusage,wh=14
2025-10-14T23:56:21+0100,type=logenergyusage,wh=11
2025-10-14T23:57:21+0100,type=logenergyusage,wh=9
2025-10-14T23:58:21+0100,type=logenergyusage,wh=6
2025-10-14T23:59:21+0100,type=logenergyusage,wh=4
2025-10-15T00:00:21+0100,type=logenergyusage,wh=5
2025-10-15T00:01:21+0100,type=logenergyusage,wh=7
2025-10-15T00:01:58+0100,type=addsensorvalue,temperature=18.1,humidity=61.9,dewpoint=10.7,device=innevind
2025-10-15T00:02:21+0100,type=logenergyusage,wh=8
2025-10-15T00:03:21+0100,type=logenergyusage,wh=7
2025-10-15T00:04:21+0100,type=logenergyusage,wh=6
2025-10-15T00:04:49+0100,type=addsensorvalue,temperature=21.5,humidity=53.3,dewpoint=11.6,device=nerehall
2025-10-15T00:05:17+0100,type=addsensorvalue,temperature=21.7,humidity=51.7,dewpoint=11.3,device=kontor
2025-10-15T00:05:21+0100,type=logenergyusage,wh=3
2025-10-15T00:06:21+0100,type=logenergyusage,wh=3
2025-10-15T00:07:21+0100,type=logenergyusage,wh=4
2025-10-15T00:07:33+0100,type=addsensorvalue,temperature=8.8,humidity=69.7,dewpoint=3.6,device=utevind
2025-10-15T00:08:21+0100,type=logenergyusage,wh=7
2025-10-15T00:09:21+0100,type=logenergyusage,wh=8
2025-10-15T00:10:21+0100,type=logenergyusage,wh=7
2025-10-15T00:11:21+0100,type=logenergyusage,wh=8
2025-10-15T00:12:21+0100,type=logenergyusage,wh=3
2025-10-15T00:12:50+0100,type=addsensorvalue,temperature=31.6,humidity=25.6,dewpoint=9.5,device=vvb
2025-10-15T00:13:21+0100,type=logenergyusage,wh=4
2025-10-15T00:14:21+0100,type=logenergyusage,wh=4
2025-10-15T00:15:21+0100,type=logenergyusage,wh=5
2025-10-15T00:16:21+0100,type=logenergyusage,wh=7
2025-10-15T00:17:21+0100,type=logenergyusage,wh=7
2025-10-15T00:18:21+0100,type=logenergyusage,wh=5
2025-10-15T00:19:21+0100,type=logenergyusage,wh=3
2025-10-15T00:20:21+0100,type=logenergyusage,wh=3
2025-10-15T00:21:58+0100,type=addsensorvalue,temperature=18.1,humidity=61.9,dewpoint=10.7,device=innevind
2025-10-15T00:22:21+0100,type=logenergyusage,wh=3
2025-10-15T00:23:21+0100,type=logenergyusage,wh=3
2025-10-15T00:24:21+0100,type=logenergyusage,wh=4
2025-10-15T00:24:49+0100,type=addsensorvalue,temperature=21.5,humidity=53.5,dewpoint=11.6,device=nerehall
2025-10-15T00:25:17+0100,type=addsensorvalue,temperature=21.6,humidity=51.6,dewpoint=11.2,device=kontor
2025-10-15T00:25:21+0100,type=logenergyusage,wh=3
2025-10-15T00:26:21+0100,type=logenergyusage,wh=3
2025-10-15T00:27:21+0100,type=logenergyusage,wh=3
2025-10-15T00:27:33+0100,type=addsensorvalue,temperature=8.8,humidity=70.0,dewpoint=3.6,device=utevind
2025-10-15T00:28:21+0100,type=logenergyusage,wh=3
2025-10-15T00:29:21+0100,type=logenergyusage,wh=3
2025-10-15T00:30:21+0100,type=logenergyusage,wh=3
2025-10-15T00:31:21+0100,type=logenergyusage,wh=3
2025-10-15T00:32:21+0100,type=logenergyusage,wh=2
2025-10-15T00:32:49+0100,type=addsensorvalue,temperature=32.3,humidity=24.7,dewpoint=9.5,device=vvb
2025-10-15T00:33:21+0100,type=logenergyusage,wh=3
2025-10-15T00:34:21+0100,type=logenergyusage,wh=3
2025-10-15T00:35:21+0100,type=logenergyusage,wh=3
2025-10-15T00:36:21+0100,type=logenergyusage,wh=3
2025-10-15T00:37:21+0100,type=logenergyusage,wh=3
2025-10-15T00:38:21+0100,type=logenergyusage,wh=3
2025-10-15T00:39:21+0100,type=logenergyusage,wh=3
2025-10-15T00:40:21+0100,type=logenergyusage,wh=3
2025-10-15T00:41:21+0100,type=logenergyusage,wh=4
2025-10-15T00:41:58+0100,type=addsensorvalue,temperature=18.1,humidity=61.9,dewpoint=10.7,device=innevind
2025-10-15T00:42:21+0100,type=logenergyusage,wh=3
2025-10-15T00:43:21+0100,type=logenergyusage,wh=4
2025-10-15T00:44:21+0100,type=logenergyusage,wh=4
2025-10-15T00:44:50+0100,type=addsensorvalue,temperature=21.4,humidity=53.6,dewpoint=11.6,device=nerehall
2025-10-15T00:45:01+0100,type=addsensorvalue,temperature=6.93,humidity=93.0,dewpoint=5.87662,device=utomhus
2025-10-15T00:45:17+0100,type=addsensorvalue,temperature=21.6,humidity=51.6,dewpoint=11.2,device=kontor
2025-10-15T00:45:21+0100,type=logenergyusage,wh=3
2025-10-15T00:46:21+0100,type=logenergyusage,wh=34
2025-10-15T00:47:21+0100,type=logenergyusage,wh=42
2025-10-15T00:47:33+0100,type=addsensorvalue,temperature=8.8,humidity=71.4,dewpoint=3.9,device=utevind
2025-10-15T00:48:21+0100,type=logenergyusage,wh=54
2025-10-15T00:49:21+0100,type=logenergyusage,wh=24
2025-10-15T00:50:21+0100,type=logenergyusage,wh=66
2025-10-15T00:51:21+0100,type=logenergyusage,wh=33
2025-10-15T00:52:21+0100,type=logenergyusage,wh=46
2025-10-15T00:52:49+0100,type=addsensorvalue,temperature=32.5,humidity=24.3,dewpoint=9.4,device=vvb
2025-10-15T00:53:21+0100,type=logenergyusage,wh=44
2025-10-15T00:54:21+0100,type=logenergyusage,wh=20
2025-10-15T00:55:21+0100,type=logenergyusage,wh=50
2025-10-15T00:56:21+0100,type=logenergyusage,wh=25
2025-10-15T00:57:21+0100,type=logenergyusage,wh=31
2025-10-15T00:58:21+0100,type=logenergyusage,wh=32
2025-10-15T00:59:21+0100,type=logenergyusage,wh=10
2025-10-15T01:00:01+0100,type=addsensorvalue,temperature=6.93,humidity=93.0,dewpoint=5.87662,device=utomhus
2025-10-15T01:00:21+0100,type=logenergyusage,wh=3
2025-10-15T01:01:21+0100,type=logenergyusage,wh=4
2025-10-15T01:01:58+0100,type=addsensorvalue,temperature=18.0,humidity=61.9,dewpoint=10.6,device=innevind
2025-10-15T01:02:21+0100,type=logenergyusage,wh=5
2025-10-15T01:03:21+0100,type=logenergyusage,wh=3
2025-10-15T01:04:21+0100,type=logenergyusage,wh=4
2025-10-15T01:04:49+0100,type=addsensorvalue,temperature=21.3,humidity=53.6,dewpoint=11.5,device=nerehall
2025-10-15T01:05:17+0100,type=addsensorvalue,temperature=21.6,humidity=51.5,dewpoint=11.2,device=kontor
2025-10-15T01:05:21+0100,type=logenergyusage,wh=3
2025-10-15T01:06:21+0100,type=logenergyusage,wh=4
2025-10-15T01:07:21+0100,type=logenergyusage,wh=4
2025-10-15T01:07:34+0100,type=addsensorvalue,temperature=8.8,humidity=72.0,dewpoint=4.0,device=utevind
2025-10-15T01:08:21+0100,type=logenergyusage,wh=3
2025-10-15T01:09:21+0100,type=logenergyusage,wh=4
2025-10-15T01:10:21+0100,type=logenergyusage,wh=3
2025-10-15T01:11:21+0100,type=logenergyusage,wh=4
2025-10-15T01:12:21+0100,type=logenergyusage,wh=3
2025-10-15T01:12:50+0100,type=addsensorvalue,temperature=33.4,humidity=23.5,dewpoint=9.7,device=vvb
2025-10-15T01:13:21+0100,type=logenergyusage,wh=4
2025-10-15T01:14:21+0100,type=logenergyusage,wh=4
2025-10-15T01:15:01+0100,type=addsensorvalue,temperature=7.48,humidity=93.0,dewpoint=6.42189,device=utomhus
2025-10-15T01:15:21+0100,type=logenergyusage,wh=3
2025-10-15T01:16:21+0100,type=logenergyusage,wh=4
2025-10-15T01:17:21+0100,type=logenergyusage,wh=3
2025-10-15T01:18:21+0100,type=logenergyusage,wh=4
2025-10-15T01:19:21+0100,type=logenergyusage,wh=3
2025-10-15T01:20:21+0100,type=logenergyusage,wh=4
2025-10-15T01:21:21+0100,type=logenergyusage,wh=3
2025-10-15T01:21:57+0100,type=addsensorvalue,temperature=18.0,humidity=61.9,dewpoint=10.6,device=innevind
2025-10-15T01:22:21+0100,type=logenergyusage,wh=3
2025-10-15T01:23:21+0100,type=logenergyusage,wh=4
2025-10-15T01:24:21+0100,type=logenergyusage,wh=3
2025-10-15T01:24:49+0100,type=addsensorvalue,temperature=21.3,humidity=53.6,dewpoint=11.5,device=nerehall
2025-10-15T01:25:17+0100,type=addsensorvalue,temperature=21.6,humidity=51.4,dewpoint=11.1,device=kontor
2025-10-15T01:25:21+0100,type=logenergyusage,wh=3
2025-10-15T01:26:21+0100,type=logenergyusage,wh=3
2025-10-15T01:27:21+0100,type=logenergyusage,wh=2
2025-10-15T01:27:34+0100,type=addsensorvalue,temperature=8.9,humidity=73.4,dewpoint=4.4,device=utevind
2025-10-15T01:28:21+0100,type=logenergyusage,wh=2
2025-10-15T01:29:21+0100,type=logenergyusage,wh=3
2025-10-15T01:30:01+0100,type=addsensorvalue,temperature=7.48,humidity=94.0,dewpoint=6.57726,device=utomhus
2025-10-15T01:30:21+0100,type=logenergyusage,wh=3
2025-10-15T01:31:21+0100,type=logenergyusage,wh=2
2025-10-15T01:32:21+0100,type=logenergyusage,wh=2
2025-10-15T01:32:50+0100,type=addsensorvalue,temperature=33.8,humidity=22.8,dewpoint=9.5,device=vvb
2025-10-15T01:33:21+0100,type=logenergyusage,wh=2
2025-10-15T01:34:21+0100,type=logenergyusage,wh=2
2025-10-15T01:35:21+0100,type=logenergyusage,wh=2
2025-10-15T01:36:21+0100,type=logenergyusage,wh=3
2025-10-15T01:37:21+0100,type=logenergyusage,wh=2
2025-10-15T01:38:21+0100,type=logenergyusage,wh=2
2025-10-15T01:39:21+0100,type=logenergyusage,wh=2
2025-10-15T01:40:21+0100,type=logenergyusage,wh=2
2025-10-15T01:41:21+0100,type=logenergyusage,wh=3
2025-10-15T01:41:57+0100,type=addsensorvalue,temperature=18.0,humidity=61.9,dewpoint=10.6,device=innevind
2025-10-15T01:42:21+0100,type=logenergyusage,wh=2
2025-10-15T01:43:21+0100,type=logenergyusage,wh=2
2025-10-15T01:44:21+0100,type=logenergyusage,wh=2
2025-10-15T01:44:49+0100,type=addsensorvalue,temperature=21.2,humidity=53.7,dewpoint=11.4,device=nerehall
2025-10-15T01:45:01+0100,type=addsensorvalue,temperature=7.48,humidity=94.0,dewpoint=6.57726,device=utomhus
2025-10-15T01:45:17+0100,type=addsensorvalue,temperature=21.6,humidity=51.4,dewpoint=11.1,device=kontor
2025-10-15T01:45:21+0100,type=logenergyusage,wh=2
2025-10-15T01:46:21+0100,type=logenergyusage,wh=3
2025-10-15T01:47:21+0100,type=logenergyusage,wh=2
2025-10-15T01:47:34+0100,type=addsensorvalue,temperature=9.0,humidity=73.7,dewpoint=4.5,device=utevind
2025-10-15T01:48:21+0100,type=logenergyusage,wh=2
2025-10-15T01:49:21+0100,type=logenergyusage,wh=2
2025-10-15T01:50:21+0100,type=logenergyusage,wh=2
2025-10-15T01:51:21+0100,type=logenergyusage,wh=3
2025-10-15T01:52:21+0100,type=logenergyusage,wh=2
2025-10-15T01:52:50+0100,type=addsensorvalue,temperature=33.7,humidity=23.2,dewpoint=9.2,device=vvb
2025-10-15T01:53:21+0100,type=logenergyusage,wh=2
2025-10-15T01:54:21+0100,type=logenergyusage,wh=2
2025-10-15T01:55:21+0100,type=logenergyusage,wh=2
2025-10-15T01:56:21+0100,type=logenergyusage,wh=3
2025-10-15T01:57:21+0100,type=logenergyusage,wh=2
2025-10-15T01:58:21+0100,type=logenergyusage,wh=3
2025-10-15T01:59:21+0100,type=logenergyusage,wh=4
2025-10-15T02:00:01+0100,type=addsensorvalue,temperature=8.04,humidity=93.0,dewpoint=6.97706,device=utomhus
2025-10-15T02:00:21+0100,type=logenergyusage,wh=4
2025-10-15T02:01:21+0100,type=logenergyusage,wh=34
2025-10-15T02:01:57+0100,type=addsensorvalue,temperature=17.9,humidity=61.9,dewpoint=10.5,device=innevind
2025-10-15T02:02:21+0100,type=logenergyusage,wh=59
2025-10-15T02:03:21+0100,type=logenergyusage,wh=68
2025-10-15T02:04:21+0100,type=logenergyusage,wh=38
2025-10-15T02:04:49+0100,type=addsensorvalue,temperature=21.2,humidity=53.6,dewpoint=11.4,device=nerehall
2025-10-15T02:05:17+0100,type=addsensorvalue,temperature=21.6,humidity=51.3,dewpoint=11.1,device=kontor
2025-10-15T02:05:21+0100,type=logenergyusage,wh=76
2025-10-15T02:06:21+0100,type=logenergyusage,wh=43
2025-10-15T02:07:21+0100,type=logenergyusage,wh=58
2025-10-15T02:07:34+0100,type=addsensorvalue,temperature=9.2,humidity=74.1,dewpoint=4.8,device=utevind
2025-10-15T02:08:21+0100,type=logenergyusage,wh=60
2025-10-15T02:09:21+0100,type=logenergyusage,wh=32
2025-10-15T02:10:21+0100,type=logenergyusage,wh=61
2025-10-15T02:11:21+0100,type=logenergyusage,wh=32
2025-10-15T02:12:21+0100,type=logenergyusage,wh=48
2025-10-15T02:12:50+0100,type=addsensorvalue,temperature=34.0,humidity=22.4,dewpoint=9.4,device=vvb
2025-10-15T02:13:21+0100,type=logenergyusage,wh=40
2025-10-15T02:14:21+0100,type=logenergyusage,wh=19
2025-10-15T02:15:02+0100,type=addsensorvalue,temperature=8.04,humidity=93.0,dewpoint=6.97706,device=utomhus
2025-10-15T02:15:21+0100,type=logenergyusage,wh=41
2025-10-15T02:16:21+0100,type=logenergyusage,wh=14
2025-10-15T02:17:21+0100,type=logenergyusage,wh=22
2025-10-15T02:18:21+0100,type=logenergyusage,wh=19
2025-10-15T02:19:21+0100,type=logenergyusage,wh=5
2025-10-15T02:20:21+0100,type=logenergyusage,wh=9
2025-10-15T02:21:21+0100,type=logenergyusage,wh=5
2025-10-15T02:21:58+0100,type=addsensorvalue,temperature=17.9,humidity=61.9,dewpoint=10.5,device=innevind
2025-10-15T02:22:21+0100,type=logenergyusage,wh=7
2025-10-15T02:23:21+0100,type=logenergyusage,wh=5
2025-10-15T02:24:21+0100,type=logenergyusage,wh=4
2025-10-15T02:24:50+0100,type=addsensorvalue,temperature=21.1,humidity=53.7,dewpoint=11.3,device=nerehall
2025-10-15T02:25:17+0100,type=addsensorvalue,temperature=21.6,humidity=51.3,dewpoint=11.1,device=kontor
2025-10-15T02:25:21+0100,type=logenergyusage,wh=4
2025-10-15T02:26:21+0100,type=logenergyusage,wh=4
2025-10-15T02:27:21+0100,type=logenergyusage,wh=4
2025-10-15T02:27:34+0100,type=addsensorvalue,temperature=9.3,humidity=73.8,dewpoint=4.9,device=utevind
2025-10-15T02:28:21+0100,type=logenergyusage,wh=3
2025-10-15T02:29:21+0100,type=logenergyusage,wh=2
2025-10-15T02:30:01+0100,type=addsensorvalue,temperature=8.04,humidity=94.0,dewpoint=7.13314,device=utomhus
2025-10-15T02:30:21+0100,type=logenergyusage,wh=2
2025-10-15T02:31:21+0100,type=logenergyusage,wh=2
2025-10-15T02:32:21+0100,type=logenergyusage,wh=2
2025-10-15T02:32:50+0100,type=addsensorvalue,temperature=33.9,humidity=22.7,dewpoint=9.2,device=vvb
2025-10-15T02:33:21+0100,type=logenergyusage,wh=2
2025-10-15T02:34:21+0100,type=logenergyusage,wh=2
2025-10-15T02:35:21+0100,type=logenergyusage,wh=1
2025-10-15T02:36:21+0100,type=logenergyusage,wh=2
2025-10-15T02:37:21+0100,type=logenergyusage,wh=2
2025-10-15T02:38:21+0100,type=logenergyusage,wh=2
2025-10-15T02:39:21+0100,type=logenergyusage,wh=2
2025-10-15T02:40:21+0100,type=logenergyusage,wh=2
2025-10-15T02:41:21+0100,type=logenergyusage,wh=2
2025-10-15T02:41:57+0100,type=addsensorvalue,temperature=18.0,humidity=61.9,dewpoint=10.6,device=innevind
2025-10-15T02:42:21+0100,type=logenergyusage,wh=2
2025-10-15T02:43:21+0100,type=logenergyusage,wh=2
2025-10-15T02:44:21+0100,type=logenergyusage,wh=1
2025-10-15T02:44:50+0100,type=addsensorvalue,temperature=21.1,humidity=53.7,dewpoint=11.3,device=nerehall
2025-10-15T02:45:01+0100,type=addsensorvalue,temperature=8.59,humidity=94.0,dewpoint=7.67908,device=utomhus
2025-10-15T02:45:17+0100,type=addsensorvalue,temperature=21.6,humidity=51.3,dewpoint=11.1,device=kontor
2025-10-15T02:45:21+0100,type=logenergyusage,wh=2
2025-10-15T02:46:21+0100,type=logenergyusage,wh=2
2025-10-15T02:47:21+0100,type=logenergyusage,wh=2
2025-10-15T02:47:34+0100,type=addsensorvalue,temperature=9.4,humidity=74.6,dewpoint=5.1,device=utevind
2025-10-15T02:48:21+0100,type=logenergyusage,wh=2
2025-10-15T02:49:21+0100,type=logenergyusage,wh=2
2025-10-15T02:50:21+0100,type=logenergyusage,wh=1
2025-10-15T02:51:21+0100,type=logenergyusage,wh=2
2025-10-15T02:52:21+0100,type=logenergyusage,wh=2
2025-10-15T02:52:49+0100,type=addsensorvalue,temperature=33.8,humidity=22.4,dewpoint=9.4,device=vvb
2025-10-15T02:53:21+0100,type=logenergyusage,wh=2
2025-10-15T02:54:21+0100,type=logenergyusage,wh=2
2025-10-15T02:55:21+0100,type=logenergyusage,wh=1
2025-10-15T02:56:21+0100,type=logenergyusage,wh=3
2025-10-15T02:57:21+0100,type=logenergyusage,wh=2
2025-10-15T02:58:21+0100,type=logenergyusage,wh=2
2025-10-15T02:59:21+0100,type=logenergyusage,wh=1
2025-10-15T03:00:02+0100,type=addsensorvalue,temperature=8.59,humidity=94.0,dewpoint=7.67908,device=utomhus
2025-10-15T03:00:21+0100,type=logenergyusage,wh=2
2025-10-15T03:01:21+0100,type=logenergyusage,wh=34
2025-10-15T03:01:58+0100,type=addsensorvalue,temperature=17.9,humidity=61.9,dewpoint=10.5,device=innevind
2025-10-15T03:02:21+0100,type=logenergyusage,wh=35
2025-10-15T03:03:21+0100,type=logenergyusage,wh=59
2025-10-15T03:04:21+0100,type=logenergyusage,wh=14
2025-10-15T03:04:49+0100,type=addsensorvalue,temperature=21.1,humidity=53.7,dewpoint=11.3,device=nerehall
2025-10-15T03:05:17+0100,type=addsensorvalue,temperature=21.6,humidity=51.3,dewpoint=11.1,device=kontor
2025-10-15T03:05:21+0100,type=logenergyusage,wh=61
2025-10-15T03:06:21+0100,type=logenergyusage,wh=28
2025-10-15T03:07:21+0100,type=logenergyusage,wh=32
2025-10-15T03:07:34+0100,type=addsensorvalue,temperature=9.6,humidity=75.8,dewpoint=5.5,device=utevind
2025-10-15T03:08:21+0100,type=logenergyusage,wh=43
2025-10-15T03:09:21+0100,type=logenergyusage,wh=10
2025-10-15T03:10:21+0100,type=logenergyusage,wh=43
2025-10-15T03:11:21+0100,type=logenergyusage,wh=23
2025-10-15T03:12:21+0100,type=logenergyusage,wh=21
2025-10-15T03:12:50+0100,type=addsensorvalue,temperature=34.4,humidity=21.9,dewpoint=9.5,device=vvb
2025-10-15T03:13:21+0100,type=logenergyusage,wh=26
2025-10-15T03:14:21+0100,type=logenergyusage,wh=6
2025-10-15T03:15:01+0100,type=addsensorvalue,temperature=9.15,humidity=94.0,dewpoint=8.23494,device=utomhus
2025-10-15T03:15:21+0100,type=logenergyusage,wh=3
2025-10-15T03:16:21+0100,type=logenergyusage,wh=2
2025-10-15T03:17:21+0100,type=logenergyusage,wh=3
2025-10-15T03:18:21+0100,type=logenergyusage,wh=3
2025-10-15T03:19:21+0100,type=logenergyusage,wh=3
2025-10-15T03:20:21+0100,type=logenergyusage,wh=3
2025-10-15T03:21:21+0100,type=logenergyusage,wh=3
2025-10-15T03:21:58+0100,type=addsensorvalue,temperature=17.9,humidity=61.9,dewpoint=10.5,device=innevind
2025-10-15T03:22:21+0100,type=logenergyusage,wh=3
2025-10-15T03:23:21+0100,type=logenergyusage,wh=3
2025-10-15T03:24:21+0100,type=logenergyusage,wh=3
2025-10-15T03:24:50+0100,type=addsensorvalue,temperature=21.1,humidity=53.7,dewpoint=11.3,device=nerehall
2025-10-15T03:25:17+0100,type=addsensorvalue,temperature=21.6,humidity=51.4,dewpoint=11.1,device=kontor
2025-10-15T03:25:21+0100,type=logenergyusage,wh=3
2025-10-15T03:26:21+0100,type=logenergyusage,wh=3
2025-10-15T03:27:21+0100,type=logenergyusage,wh=2
2025-10-15T03:27:34+0100,type=addsensorvalue,temperature=9.7,humidity=76.4,dewpoint=5.7,device=utevind
2025-10-15T03:28:21+0100,type=logenergyusage,wh=3
2025-10-15T03:29:21+0100,type=logenergyusage,wh=3
2025-10-15T03:30:01+0100,type=addsensorvalue,temperature=9.15,humidity=95.0,dewpoint=8.39095,device=utomhus
2025-10-15T03:30:21+0100,type=logenergyusage,wh=3
2025-10-15T03:31:21+0100,type=logenergyusage,wh=1
2025-10-15T03:32:21+0100,type=logenergyusage,wh=2
2025-10-15T03:32:50+0100,type=addsensorvalue,temperature=34.6,humidity=21.9,dewpoint=9.5,device=vvb
2025-10-15T03:33:21+0100,type=logenergyusage,wh=2
2025-10-15T03:34:21+0100,type=logenergyusage,wh=2
2025-10-15T03:35:21+0100,type=logenergyusage,wh=1
2025-10-15T03:36:21+0100,type=logenergyusage,wh=2
2025-10-15T03:37:21+0100,type=logenergyusage,wh=2
2025-10-15T03:38:21+0100,type=logenergyusage,wh=3
2025-10-15T03:39:21+0100,type=logenergyusage,wh=2
2025-10-15T03:40:21+0100,type=logenergyusage,wh=1
2025-10-15T03:41:21+0100,type=logenergyusage,wh=2
2025-10-15T03:41:58+0100,type=addsensorvalue,temperature=17.9,humidity=61.9,dewpoint=10.5,device=innevind
2025-10-15T03:42:21+0100,type=logenergyusage,wh=2
2025-10-15T03:43:21+0100,type=logenergyusage,wh=2
2025-10-15T03:44:21+0100,type=logenergyusage,wh=1
2025-10-15T03:44:50+0100,type=addsensorvalue,temperature=21.1,humidity=53.7,dewpoint=11.3,device=nerehall
2025-10-15T03:45:01+0100,type=addsensorvalue,temperature=9.15,humidity=95.0,dewpoint=8.39095,device=utomhus
2025-10-15T03:45:17+0100,type=addsensorvalue,temperature=21.6,humidity=51.4,dewpoint=11.1,device=kontor
2025-10-15T03:45:21+0100,type=logenergyusage,wh=2
2025-10-15T03:46:21+0100,type=logenergyusage,wh=2
2025-10-15T03:47:21+0100,type=logenergyusage,wh=2
2025-10-15T03:47:34+0100,type=addsensorvalue,temperature=9.8,humidity=76.9,dewpoint=5.9,device=utevind
2025-10-15T03:48:21+0100,type=logenergyusage,wh=2
2025-10-15T03:49:21+0100,type=logenergyusage,wh=2
2025-10-15T03:50:21+0100,type=logenergyusage,wh=3
2025-10-15T03:51:21+0100,type=logenergyusage,wh=3
2025-10-15T03:52:21+0100,type=logenergyusage,wh=2
2025-10-15T03:52:50+0100,type=addsensorvalue,temperature=35.2,humidity=21.1,dewpoint=9.4,device=vvb
2025-10-15T03:53:21+0100,type=logenergyusage,wh=3
2025-10-15T03:54:21+0100,type=logenergyusage,wh=3
2025-10-15T03:55:21+0100,type=logenergyusage,wh=3
2025-10-15T03:56:21+0100,type=logenergyusage,wh=2
2025-10-15T03:57:21+0100,type=logenergyusage,wh=3
2025-10-15T03:58:21+0100,type=logenergyusage,wh=3
2025-10-15T03:59:21+0100,type=logenergyusage,wh=3
2025-10-15T04:00:01+0100,type=addsensorvalue,temperature=9.7,humidity=95.0,dewpoint=8.93757,device=utomhus
2025-10-15T04:00:21+0100,type=logenergyusage,wh=3
2025-10-15T04:01:21+0100,type=logenergyusage,wh=2
2025-10-15T04:01:57+0100,type=addsensorvalue,temperature=17.9,humidity=61.9,dewpoint=10.5,device=innevind
2025-10-15T04:02:21+0100,type=logenergyusage,wh=3
2025-10-15T04:03:21+0100,type=logenergyusage,wh=3
2025-10-15T04:04:21+0100,type=logenergyusage,wh=3
2025-10-15T04:04:49+0100,type=addsensorvalue,temperature=21.0,humidity=53.9,dewpoint=11.3,device=nerehall
2025-10-15T04:05:17+0100,type=addsensorvalue,temperature=21.5,humidity=51.3,dewpoint=11.0,device=kontor
2025-10-15T04:05:21+0100,type=logenergyusage,wh=4
2025-10-15T04:06:21+0100,type=logenergyusage,wh=5
2025-10-15T04:07:21+0100,type=logenergyusage,wh=4
2025-10-15T04:07:34+0100,type=addsensorvalue,temperature=9.9,humidity=78.1,dewpoint=6.3,device=utevind
2025-10-15T04:08:21+0100,type=logenergyusage,wh=4
2025-10-15T04:09:21+0100,type=logenergyusage,wh=4
2025-10-15T04:10:21+0100,type=logenergyusage,wh=4
2025-10-15T04:11:21+0100,type=logenergyusage,wh=4
2025-10-15T04:12:21+0100,type=logenergyusage,wh=4
2025-10-15T04:12:50+0100,type=addsensorvalue,temperature=35.0,humidity=21.2,dewpoint=9.2,device=vvb
2025-10-15T04:13:21+0100,type=logenergyusage,wh=4
2025-10-15T04:14:21+0100,type=logenergyusage,wh=4
2025-10-15T04:15:01+0100,type=addsensorvalue,temperature=9.15,humidity=95.0,dewpoint=8.39095,device=utomhus
2025-10-15T04:15:21+0100,type=logenergyusage,wh=3
2025-10-15T04:16:21+0100,type=logenergyusage,wh=4
2025-10-15T04:17:21+0100,type=logenergyusage,wh=3
2025-10-15T04:18:21+0100,type=logenergyusage,wh=3
2025-10-15T04:19:21+0100,type=logenergyusage,wh=3
2025-10-15T04:20:21+0100,type=logenergyusage,wh=3
2025-10-15T04:21:21+0100,type=logenergyusage,wh=2
2025-10-15T04:21:57+0100,type=addsensorvalue,temperature=17.9,humidity=62.0,dewpoint=10.5,device=innevind
2025-10-15T04:22:21+0100,type=logenergyusage,wh=2
2025-10-15T04:23:21+0100,type=logenergyusage,wh=3
2025-10-15T04:24:21+0100,type=logenergyusage,wh=3
2025-10-15T04:24:49+0100,type=addsensorvalue,temperature=21.0,humidity=53.9,dewpoint=11.3,device=nerehall
2025-10-15T04:25:17+0100,type=addsensorvalue,temperature=21.5,humidity=51.2,dewpoint=11.0,device=kontor
2025-10-15T04:25:21+0100,type=logenergyusage,wh=3
2025-10-15T04:26:21+0100,type=logenergyusage,wh=3
2025-10-15T04:27:21+0100,type=logenergyusage,wh=3
2025-10-15T04:27:34+0100,type=addsensorvalue,temperature=10.0,humidity=78.8,dewpoint=6.5,device=utevind
2025-10-15T04:28:21+0100,type=logenergyusage,wh=4
2025-10-15T04:29:21+0100,type=logenergyusage,wh=3
2025-10-15T04:30:01+0100,type=addsensorvalue,temperature=9.15,humidity=96.0,dewpoint=8.54553,device=utomhus
2025-10-15T04:30:21+0100,type=logenergyusage,wh=3
2025-10-15T04:35:04+0100,type=logenergyusage,wh=2
2025-10-15T04:36:04+0100,type=logenergyusage,wh=2
2025-10-15T04:37:04+0100,type=logenergyusage,wh=2
2025-10-15T04:38:04+0100,type=logenergyusage,wh=1
2025-10-15T04:39:04+0100,type=logenergyusage,wh=2
2025-10-15T04:40:04+0100,type=logenergyusage,wh=2
2025-10-15T04:41:04+0100,type=logenergyusage,wh=2
2025-10-15T04:42:04+0100,type=logenergyusage,wh=1
2025-10-15T04:43:04+0100,type=logenergyusage,wh=2
2025-10-15T04:44:04+0100,type=logenergyusage,wh=2
2025-10-15T04:45:02+0100,type=addsensorvalue,temperature=9.15,humidity=96.0,dewpoint=8.54553,device=utomhus
2025-10-15T04:45:04+0100,type=logenergyusage,wh=2
2025-10-15T04:46:04+0100,type=logenergyusage,wh=1
2025-10-15T04:47:04+0100,type=logenergyusage,wh=2
2025-10-15T04:48:04+0100,type=logenergyusage,wh=2
2025-10-15T04:49:04+0100,type=logenergyusage,wh=2
2025-10-15T04:50:04+0100,type=logenergyusage,wh=1
2025-10-15T04:51:04+0100,type=logenergyusage,wh=2
2025-10-15T04:52:04+0100,type=logenergyusage,wh=2
2025-10-15T04:53:04+0100,type=logenergyusage,wh=2
2025-10-15T04:54:03+0100,type=addsensorvalue,temperature=10.2,humidity=79.2,dewpoint=6.7,device=utevind
2025-10-15T04:54:04+0100,type=logenergyusage,wh=1
2025-10-15T04:54:04+0100,type=addsensorvalue,temperature=35.5,humidity=20.5,dewpoint=9.4,device=vvb
2025-10-15T04:54:04+0100,type=addsensorvalue,temperature=21.5,humidity=51.3,dewpoint=11.0,device=kontor
2025-10-15T04:54:06+0100,type=addsensorvalue,temperature=20.9,humidity=54.0,dewpoint=11.2,device=nerehall
2025-10-15T04:54:15+0100,type=addsensorvalue,temperature=17.9,humidity=62.0,dewpoint=10.5,device=innevind
2025-10-15T04:55:04+0100,type=logenergyusage,wh=2
2025-10-15T04:56:04+0100,type=logenergyusage,wh=2
2025-10-15T04:57:04+0100,type=logenergyusage,wh=2
2025-10-15T04:58:04+0100,type=logenergyusage,wh=1
2025-10-15T04:59:04+0100,type=logenergyusage,wh=3
2025-10-15T05:00:00+0100,type=addsensorvalue,temperature=9.15,humidity=95.0,dewpoint=8.39095,device=utomhus
2025-10-15T05:00:04+0100,type=logenergyusage,wh=2
2025-10-15T05:01:04+0100,type=logenergyusage,wh=2
2025-10-15T05:02:04+0100,type=logenergyusage,wh=2
2025-10-15T05:03:04+0100,type=logenergyusage,wh=2
2025-10-15T05:04:04+0100,type=logenergyusage,wh=2
2025-10-15T05:05:04+0100,type=logenergyusage,wh=1
2025-10-15T05:06:04+0100,type=logenergyusage,wh=2
2025-10-15T05:07:04+0100,type=logenergyusage,wh=2
2025-10-15T05:08:04+0100,type=logenergyusage,wh=4
2025-10-15T05:09:04+0100,type=logenergyusage,wh=3
2025-10-15T05:10:04+0100,type=logenergyusage,wh=4
2025-10-15T05:11:04+0100,type=logenergyusage,wh=5
2025-10-15T05:12:04+0100,type=logenergyusage,wh=4
2025-10-15T05:13:04+0100,type=logenergyusage,wh=4
2025-10-15T05:14:04+0100,type=logenergyusage,wh=4
2025-10-15T05:14:04+0100,type=addsensorvalue,temperature=37.3,humidity=21.2,dewpoint=11.4,device=vvb
2025-10-15T05:14:04+0100,type=addsensorvalue,temperature=10.4,humidity=79.5,dewpoint=7.0,device=utevind
2025-10-15T05:14:04+0100,type=addsensorvalue,temperature=21.5,humidity=51.3,dewpoint=11.0,device=kontor
2025-10-15T05:14:06+0100,type=addsensorvalue,temperature=20.9,humidity=54.0,dewpoint=11.2,device=nerehall
2025-10-15T05:14:15+0100,type=addsensorvalue,temperature=17.8,humidity=62.0,dewpoint=10.4,device=innevind
2025-10-15T05:15:00+0100,type=addsensorvalue,temperature=9.15,humidity=95.0,dewpoint=8.39095,device=utomhus
2025-10-15T05:15:04+0100,type=logenergyusage,wh=3
2025-10-15T05:16:04+0100,type=logenergyusage,wh=5
2025-10-15T05:17:04+0100,type=logenergyusage,wh=4
2025-10-15T05:18:04+0100,type=logenergyusage,wh=4
2025-10-15T05:19:04+0100,type=logenergyusage,wh=5
2025-10-15T05:20:04+0100,type=logenergyusage,wh=3
2025-10-15T05:21:04+0100,type=logenergyusage,wh=3
2025-10-15T05:22:04+0100,type=logenergyusage,wh=3
2025-10-15T05:23:04+0100,type=logenergyusage,wh=3
2025-10-15T05:24:04+0100,type=logenergyusage,wh=3
2025-10-15T05:25:04+0100,type=logenergyusage,wh=4
2025-10-15T05:26:04+0100,type=logenergyusage,wh=3
2025-10-15T05:27:04+0100,type=logenergyusage,wh=3
2025-10-15T05:28:04+0100,type=logenergyusage,wh=4
2025-10-15T05:29:04+0100,type=logenergyusage,wh=6
2025-10-15T05:30:01+0100,type=addsensorvalue,temperature=9.15,humidity=96.0,dewpoint=8.54553,device=utomhus
2025-10-15T05:30:04+0100,type=logenergyusage,wh=8
2025-10-15T05:31:04+0100,type=logenergyusage,wh=8
2025-10-15T05:32:04+0100,type=logenergyusage,wh=8
2025-10-15T05:33:04+0100,type=logenergyusage,wh=7
2025-10-15T05:34:03+0100,type=addsensorvalue,temperature=42.0,humidity=21.5,dewpoint=5.8,device=vvb
2025-10-15T05:34:04+0100,type=logenergyusage,wh=10
2025-10-15T05:34:04+0100,type=addsensorvalue,temperature=10.5,humidity=79.9,dewpoint=7.2,device=utevind
2025-10-15T05:34:04+0100,type=addsensorvalue,temperature=21.5,humidity=51.4,dewpoint=11.0,device=kontor
2025-10-15T05:34:06+0100,type=addsensorvalue,temperature=20.8,humidity=54.1,dewpoint=11.2,device=nerehall
2025-10-15T05:34:15+0100,type=addsensorvalue,temperature=17.8,humidity=62.2,dewpoint=10.5,device=innevind
2025-10-15T05:35:04+0100,type=logenergyusage,wh=8
2025-10-15T05:36:04+0100,type=logenergyusage,wh=8
2025-10-15T05:37:04+0100,type=logenergyusage,wh=7
2025-10-15T05:38:04+0100,type=logenergyusage,wh=6
2025-10-15T05:39:04+0100,type=logenergyusage,wh=7
2025-10-15T05:40:04+0100,type=logenergyusage,wh=6
2025-10-15T05:41:04+0100,type=logenergyusage,wh=7
2025-10-15T05:42:04+0100,type=logenergyusage,wh=7
2025-10-15T05:43:04+0100,type=logenergyusage,wh=8
2025-10-15T05:44:04+0100,type=logenergyusage,wh=6
2025-10-15T05:45:01+0100,type=addsensorvalue,temperature=9.15,humidity=96.0,dewpoint=8.54553,device=utomhus
2025-10-15T05:45:04+0100,type=logenergyusage,wh=7
2025-10-15T05:46:04+0100,type=logenergyusage,wh=13
2025-10-15T05:47:04+0100,type=logenergyusage,wh=12
2025-10-15T05:48:04+0100,type=logenergyusage,wh=24
2025-10-15T05:49:04+0100,type=logenergyusage,wh=32
2025-10-15T05:50:04+0100,type=logenergyusage,wh=19
2025-10-15T05:51:04+0100,type=logenergyusage,wh=11
2025-10-15T05:52:04+0100,type=logenergyusage,wh=13
2025-10-15T05:53:04+0100,type=logenergyusage,wh=10
2025-10-15T05:54:04+0100,type=logenergyusage,wh=9
2025-10-15T05:54:04+0100,type=addsensorvalue,temperature=30.2,humidity=25.4,dewpoint=5.4,device=vvb
2025-10-15T05:54:04+0100,type=addsensorvalue,temperature=10.7,humidity=80.5,dewpoint=7.5,device=utevind
2025-10-15T05:54:04+0100,type=addsensorvalue,temperature=21.4,humidity=51.1,dewpoint=10.9,device=kontor
2025-10-15T05:54:07+0100,type=addsensorvalue,temperature=20.8,humidity=54.7,dewpoint=11.3,device=nerehall
2025-10-15T05:54:15+0100,type=addsensorvalue,temperature=17.8,humidity=61.9,dewpoint=10.4,device=innevind
2025-10-15T05:55:04+0100,type=logenergyusage,wh=9
2025-10-15T05:56:04+0100,type=logenergyusage,wh=8
2025-10-15T05:57:04+0100,type=logenergyusage,wh=5
2025-10-15T05:58:04+0100,type=logenergyusage,wh=4
2025-10-15T05:59:04+0100,type=logenergyusage,wh=4
2025-10-15T06:00:00+0100,type=addsensorvalue,temperature=9.15,humidity=96.0,dewpoint=8.54553,device=utomhus
2025-10-15T06:00:04+0100,type=logenergyusage,wh=3
2025-10-15T06:01:04+0100,type=logenergyusage,wh=3
2025-10-15T06:02:04+0100,type=logenergyusage,wh=5
2025-10-15T06:03:04+0100,type=logenergyusage,wh=3
2025-10-15T06:04:04+0100,type=logenergyusage,wh=4
2025-10-15T06:05:04+0100,type=logenergyusage,wh=3
2025-10-15T06:06:04+0100,type=logenergyusage,wh=2
2025-10-15T06:07:04+0100,type=logenergyusage,wh=3
2025-10-15T06:08:04+0100,type=logenergyusage,wh=2
2025-10-15T06:09:04+0100,type=logenergyusage,wh=3
2025-10-15T06:10:04+0100,type=logenergyusage,wh=2
2025-10-15T06:11:04+0100,type=logenergyusage,wh=3
2025-10-15T06:12:04+0100,type=logenergyusage,wh=3
2025-10-15T06:13:04+0100,type=logenergyusage,wh=2
2025-10-15T06:14:04+0100,type=addsensorvalue,temperature=28.2,humidity=26.6,dewpoint=7.1,device=vvb
2025-10-15T06:14:04+0100,type=logenergyusage,wh=3
2025-10-15T06:14:04+0100,type=addsensorvalue,temperature=10.8,humidity=80.8,dewpoint=7.6,device=utevind
2025-10-15T06:14:04+0100,type=addsensorvalue,temperature=21.4,humidity=51.8,dewpoint=11.1,device=kontor
2025-10-15T06:14:06+0100,type=addsensorvalue,temperature=20.9,humidity=55.4,dewpoint=11.6,device=nerehall
2025-10-15T06:14:15+0100,type=addsensorvalue,temperature=17.8,humidity=62.4,dewpoint=10.5,device=innevind
2025-10-15T06:15:01+0100,type=addsensorvalue,temperature=9.15,humidity=96.0,dewpoint=8.54553,device=utomhus
2025-10-15T06:15:04+0100,type=logenergyusage,wh=2
2025-10-15T06:16:04+0100,type=logenergyusage,wh=3
2025-10-15T06:17:04+0100,type=logenergyusage,wh=2
2025-10-15T06:18:04+0100,type=logenergyusage,wh=3
2025-10-15T06:19:04+0100,type=logenergyusage,wh=4
2025-10-15T06:20:04+0100,type=logenergyusage,wh=3
2025-10-15T06:21:04+0100,type=logenergyusage,wh=3
2025-10-15T06:22:04+0100,type=logenergyusage,wh=4
2025-10-15T06:23:04+0100,type=logenergyusage,wh=3
2025-10-15T06:24:04+0100,type=logenergyusage,wh=4
2025-10-15T06:25:04+0100,type=logenergyusage,wh=3
2025-10-15T06:26:04+0100,type=logenergyusage,wh=3
2025-10-15T06:27:04+0100,type=logenergyusage,wh=4
2025-10-15T06:28:04+0100,type=logenergyusage,wh=4
2025-10-15T06:29:04+0100,type=logenergyusage,wh=4
2025-10-15T06:30:01+0100,type=addsensorvalue,temperature=9.15,humidity=96.0,dewpoint=8.54553,device=utomhus
2025-10-15T06:30:04+0100,type=logenergyusage,wh=3
2025-10-15T06:31:04+0100,type=logenergyusage,wh=3
2025-10-15T06:32:04+0100,type=logenergyusage,wh=4
2025-10-15T06:33:04+0100,type=logenergyusage,wh=3
2025-10-15T06:34:03+0100,type=addsensorvalue,temperature=28.5,humidity=27.5,dewpoint=7.9,device=vvb
2025-10-15T06:34:04+0100,type=logenergyusage,wh=2
2025-10-15T06:34:04+0100,type=addsensorvalue,temperature=10.9,humidity=81.2,dewpoint=7.8,device=utevind
2025-10-15T06:34:04+0100,type=addsensorvalue,temperature=21.4,humidity=52.0,dewpoint=11.1,device=kontor
2025-10-15T06:34:06+0100,type=addsensorvalue,temperature=20.8,humidity=55.5,dewpoint=11.5,device=nerehall
2025-10-15T06:34:15+0100,type=addsensorvalue,temperature=8.9,humidity=100.0,dewpoint=8.9,device=innevind
2025-10-15T06:35:04+0100,type=logenergyusage,wh=4
2025-10-15T06:36:04+0100,type=logenergyusage,wh=2
2025-10-15T06:37:04+0100,type=logenergyusage,wh=2
2025-10-15T06:38:04+0100,type=logenergyusage,wh=3
2025-10-15T06:39:04+0100,type=logenergyusage,wh=2
2025-10-15T06:40:04+0100,type=logenergyusage,wh=6
2025-10-15T06:41:04+0100,type=logenergyusage,wh=4
2025-10-15T06:42:04+0100,type=logenergyusage,wh=4
2025-10-15T06:43:04+0100,type=logenergyusage,wh=5
2025-10-15T06:44:04+0100,type=logenergyusage,wh=6
2025-10-15T06:45:01+0100,type=addsensorvalue,temperature=9.15,humidity=96.0,dewpoint=8.54553,device=utomhus
2025-10-15T06:45:04+0100,type=logenergyusage,wh=6
2025-10-15T06:46:04+0100,type=logenergyusage,wh=4
2025-10-15T06:47:04+0100,type=logenergyusage,wh=4
2025-10-15T06:48:04+0100,type=logenergyusage,wh=4
2025-10-15T06:49:04+0100,type=logenergyusage,wh=3
2025-10-15T06:50:04+0100,type=logenergyusage,wh=4
2025-10-15T06:51:04+0100,type=logenergyusage,wh=4
2025-10-15T06:52:04+0100,type=logenergyusage,wh=3
2025-10-15T06:53:04+0100,type=logenergyusage,wh=4
2025-10-15T06:54:04+0100,type=logenergyusage,wh=3
2025-10-15T06:54:04+0100,type=addsensorvalue,temperature=29.8,humidity=26.4,dewpoint=8.2,device=vvb
2025-10-15T06:54:04+0100,type=addsensorvalue,temperature=21.4,humidity=52.5,dewpoint=11.3,device=kontor
2025-10-15T06:54:05+0100,type=addsensorvalue,temperature=11.0,humidity=82.0,dewpoint=8.0,device=utevind
2025-10-15T06:54:07+0100,type=addsensorvalue,temperature=20.3,humidity=55.4,dewpoint=11.1,device=nerehall
2025-10-15T06:54:16+0100,type=addsensorvalue,temperature=17.8,humidity=63.1,dewpoint=10.7,device=innevind
2025-10-15T06:55:04+0100,type=logenergyusage,wh=3
2025-10-15T06:56:04+0100,type=logenergyusage,wh=4
2025-10-15T06:57:04+0100,type=logenergyusage,wh=3
2025-10-15T06:58:04+0100,type=logenergyusage,wh=4
2025-10-15T06:59:04+0100,type=logenergyusage,wh=4
2025-10-15T07:00:01+0100,type=addsensorvalue,temperature=9.15,humidity=96.0,dewpoint=8.54553,device=utomhus
2025-10-15T07:00:04+0100,type=logenergyusage,wh=4
2025-10-15T07:01:04+0100,type=logenergyusage,wh=4
2025-10-15T07:02:04+0100,type=logenergyusage,wh=3
2025-10-15T07:03:04+0100,type=logenergyusage,wh=5
2025-10-15T07:04:04+0100,type=logenergyusage,wh=4
2025-10-15T07:05:04+0100,type=logenergyusage,wh=3
2025-10-15T07:06:04+0100,type=logenergyusage,wh=2
2025-10-15T07:07:04+0100,type=logenergyusage,wh=3
2025-10-15T07:08:04+0100,type=logenergyusage,wh=2
2025-10-15T07:09:04+0100,type=logenergyusage,wh=3
2025-10-15T07:10:04+0100,type=logenergyusage,wh=2
2025-10-15T07:11:04+0100,type=logenergyusage,wh=2
2025-10-15T07:12:04+0100,type=logenergyusage,wh=2
2025-10-15T07:13:04+0100,type=logenergyusage,wh=3
2025-10-15T07:14:04+0100,type=logenergyusage,wh=2
2025-10-15T07:14:04+0100,type=addsensorvalue,temperature=29.5,humidity=27.3,dewpoint=8.3,device=vvb
2025-10-15T07:14:04+0100,type=addsensorvalue,temperature=11.1,humidity=81.8,dewpoint=8.1,device=utevind
2025-10-15T07:14:04+0100,type=addsensorvalue,temperature=21.4,humidity=52.3,dewpoint=11.2,device=kontor
2025-10-15T07:14:06+0100,type=addsensorvalue,temperature=20.4,humidity=56.3,dewpoint=11.4,device=nerehall
2025-10-15T07:14:16+0100,type=addsensorvalue,temperature=17.8,humidity=63.0,dewpoint=10.6,device=innevind
2025-10-15T07:15:04+0100,type=logenergyusage,wh=3
2025-10-15T07:15:11+0100,type=addsensorvalue,temperature=9.7,humidity=95.0,dewpoint=8.93757,device=utomhus
2025-10-15T07:16:04+0100,type=logenergyusage,wh=2
2025-10-15T07:17:04+0100,type=logenergyusage,wh=5
2025-10-15T07:18:04+0100,type=logenergyusage,wh=3
2025-10-15T07:19:04+0100,type=logenergyusage,wh=2
2025-10-15T07:20:04+0100,type=logenergyusage,wh=3
2025-10-15T07:21:04+0100,type=logenergyusage,wh=2
2025-10-15T07:22:04+0100,type=logenergyusage,wh=3
2025-10-15T07:23:04+0100,type=logenergyusage,wh=2
2025-10-15T07:24:04+0100,type=logenergyusage,wh=3
2025-10-15T07:25:04+0100,type=logenergyusage,wh=2
2025-10-15T07:26:04+0100,type=logenergyusage,wh=3
2025-10-15T07:27:04+0100,type=logenergyusage,wh=2
2025-10-15T07:28:04+0100,type=logenergyusage,wh=3
2025-10-15T07:29:04+0100,type=logenergyusage,wh=3
2025-10-15T07:30:01+0100,type=addsensorvalue,temperature=9.7,humidity=95.0,dewpoint=8.93757,device=utomhus
2025-10-15T07:30:04+0100,type=logenergyusage,wh=2
2025-10-15T07:31:04+0100,type=logenergyusage,wh=3
2025-10-15T07:32:04+0100,type=logenergyusage,wh=2
2025-10-15T07:33:04+0100,type=logenergyusage,wh=3
2025-10-15T07:34:04+0100,type=logenergyusage,wh=2
2025-10-15T07:34:04+0100,type=addsensorvalue,temperature=29.8,humidity=27.4,dewpoint=9.0,device=vvb
2025-10-15T07:34:04+0100,type=addsensorvalue,temperature=21.4,humidity=52.2,dewpoint=11.2,device=kontor
2025-10-15T07:34:04+0100,type=addsensorvalue,temperature=11.2,humidity=82.7,dewpoint=8.4,device=utevind
2025-10-15T07:34:06+0100,type=addsensorvalue,temperature=20.5,humidity=55.5,dewpoint=11.3,device=nerehall
2025-10-15T07:34:16+0100,type=addsensorvalue,temperature=17.8,humidity=62.9,dewpoint=10.6,device=innevind
2025-10-15T07:35:04+0100,type=logenergyusage,wh=3
2025-10-15T07:36:04+0100,type=logenergyusage,wh=2
2025-10-15T07:37:04+0100,type=logenergyusage,wh=3
2025-10-15T07:38:04+0100,type=logenergyusage,wh=2
2025-10-15T07:39:04+0100,type=logenergyusage,wh=4
2025-10-15T07:40:04+0100,type=logenergyusage,wh=4
2025-10-15T07:41:04+0100,type=logenergyusage,wh=4
2025-10-15T07:42:04+0100,type=logenergyusage,wh=5
2025-10-15T07:43:04+0100,type=logenergyusage,wh=4
2025-10-15T07:44:04+0100,type=logenergyusage,wh=5
2025-10-15T07:45:01+0100,type=addsensorvalue,temperature=9.7,humidity=95.0,dewpoint=8.93757,device=utomhus
2025-10-15T07:45:04+0100,type=logenergyusage,wh=5
2025-10-15T07:46:04+0100,type=logenergyusage,wh=4
2025-10-15T07:47:04+0100,type=logenergyusage,wh=5
2025-10-15T07:48:04+0100,type=logenergyusage,wh=5
2025-10-15T07:49:04+0100,type=logenergyusage,wh=4
2025-10-15T07:50:04+0100,type=logenergyusage,wh=5
2025-10-15T07:51:04+0100,type=logenergyusage,wh=5
2025-10-15T07:52:04+0100,type=logenergyusage,wh=4
2025-10-15T07:53:04+0100,type=logenergyusage,wh=5
2025-10-15T07:54:04+0100,type=addsensorvalue,temperature=31.2,humidity=25.9,dewpoint=9.2,device=vvb
2025-10-15T07:54:04+0100,type=logenergyusage,wh=4
2025-10-15T07:54:04+0100,type=addsensorvalue,temperature=11.3,humidity=82.7,dewpoint=8.5,device=utevind
2025-10-15T07:54:04+0100,type=addsensorvalue,temperature=21.4,humidity=52.0,dewpoint=11.1,device=kontor
2025-10-15T07:54:06+0100,type=addsensorvalue,temperature=20.5,humidity=55.3,dewpoint=11.2,device=nerehall
2025-10-15T07:54:16+0100,type=addsensorvalue,temperature=17.7,humidity=62.8,dewpoint=10.5,device=innevind
2025-10-15T07:55:04+0100,type=logenergyusage,wh=4
2025-10-15T07:56:04+0100,type=logenergyusage,wh=5
2025-10-15T07:57:04+0100,type=logenergyusage,wh=4
2025-10-15T07:58:04+0100,type=logenergyusage,wh=4
2025-10-15T07:59:04+0100,type=logenergyusage,wh=3
2025-10-15T08:00:01+0100,type=addsensorvalue,temperature=9.7,humidity=95.0,dewpoint=8.93757,device=utomhus
2025-10-15T08:00:04+0100,type=logenergyusage,wh=4
2025-10-15T08:01:04+0100,type=logenergyusage,wh=4
2025-10-15T08:02:04+0100,type=logenergyusage,wh=3
2025-10-15T08:03:04+0100,type=logenergyusage,wh=4
2025-10-15T08:04:04+0100,type=logenergyusage,wh=4
2025-10-15T08:05:04+0100,type=logenergyusage,wh=4
2025-10-15T08:06:04+0100,type=logenergyusage,wh=2
2025-10-15T08:07:04+0100,type=logenergyusage,wh=3
2025-10-15T08:08:04+0100,type=logenergyusage,wh=3
2025-10-15T08:09:04+0100,type=logenergyusage,wh=2
2025-10-15T08:10:04+0100,type=logenergyusage,wh=5
2025-10-15T08:11:04+0100,type=logenergyusage,wh=4
2025-10-15T08:12:04+0100,type=logenergyusage,wh=2
2025-10-15T08:13:04+0100,type=logenergyusage,wh=3
2025-10-15T08:14:04+0100,type=logenergyusage,wh=2
2025-10-15T08:14:04+0100,type=addsensorvalue,temperature=31.1,humidity=25.9,dewpoint=9.0,device=vvb
2025-10-15T08:14:04+0100,type=addsensorvalue,temperature=21.3,humidity=51.9,dewpoint=11.0,device=kontor
2025-10-15T08:14:04+0100,type=addsensorvalue,temperature=11.3,humidity=82.2,dewpoint=8.4,device=utevind
2025-10-15T08:14:06+0100,type=addsensorvalue,temperature=20.5,humidity=55.1,dewpoint=11.2,device=nerehall
2025-10-15T08:14:16+0100,type=addsensorvalue,temperature=17.7,humidity=62.6,dewpoint=10.5,device=innevind
2025-10-15T08:15:01+0100,type=addsensorvalue,temperature=9.7,humidity=95.0,dewpoint=8.93757,device=utomhus
2025-10-15T08:15:04+0100,type=logenergyusage,wh=3
2025-10-15T08:16:04+0100,type=logenergyusage,wh=2
2025-10-15T08:17:04+0100,type=logenergyusage,wh=2
2025-10-15T08:18:04+0100,type=logenergyusage,wh=2
2025-10-15T08:19:04+0100,type=logenergyusage,wh=3
2025-10-15T08:20:04+0100,type=logenergyusage,wh=2
2025-10-15T08:21:04+0100,type=logenergyusage,wh=2
2025-10-15T08:22:04+0100,type=logenergyusage,wh=4
2025-10-15T08:23:04+0100,type=logenergyusage,wh=2
2025-10-15T08:24:04+0100,type=logenergyusage,wh=2
2025-10-15T08:25:04+0100,type=logenergyusage,wh=3
2025-10-15T08:26:04+0100,type=logenergyusage,wh=2
2025-10-15T08:27:04+0100,type=logenergyusage,wh=3
2025-10-15T08:28:04+0100,type=logenergyusage,wh=2
2025-10-15T08:29:04+0100,type=logenergyusage,wh=3
2025-10-15T08:30:01+0100,type=addsensorvalue,temperature=10.26,humidity=93.0,dewpoint=9.17781,device=utomhus
2025-10-15T08:30:04+0100,type=logenergyusage,wh=2
2025-10-15T08:31:04+0100,type=logenergyusage,wh=3
2025-10-15T08:32:04+0100,type=logenergyusage,wh=2
2025-10-15T08:33:04+0100,type=logenergyusage,wh=3
2025-10-15T08:34:04+0100,type=addsensorvalue,temperature=31.5,humidity=25.2,dewpoint=9.1,device=vvb
2025-10-15T08:34:04+0100,type=logenergyusage,wh=2
2025-10-15T08:34:04+0100,type=addsensorvalue,temperature=21.3,humidity=51.7,dewpoint=10.9,device=kontor
2025-10-15T08:34:04+0100,type=addsensorvalue,temperature=11.4,humidity=83.0,dewpoint=8.6,device=utevind
2025-10-15T08:34:06+0100,type=addsensorvalue,temperature=20.5,humidity=54.9,dewpoint=11.1,device=nerehall
2025-10-15T08:34:16+0100,type=addsensorvalue,temperature=17.7,humidity=62.5,dewpoint=10.4,device=innevind
2025-10-15T08:35:04+0100,type=logenergyusage,wh=2
2025-10-15T08:36:04+0100,type=logenergyusage,wh=3
2025-10-15T08:37:04+0100,type=logenergyusage,wh=2
2025-10-15T08:38:04+0100,type=logenergyusage,wh=4
2025-10-15T08:39:04+0100,type=logenergyusage,wh=1
2025-10-15T08:40:04+0100,type=logenergyusage,wh=3
2025-10-15T08:41:04+0100,type=logenergyusage,wh=2
2025-10-15T08:42:04+0100,type=logenergyusage,wh=3
2025-10-15T08:43:04+0100,type=logenergyusage,wh=2
2025-10-15T08:44:04+0100,type=logenergyusage,wh=3
2025-10-15T08:45:01+0100,type=addsensorvalue,temperature=10.26,humidity=93.0,dewpoint=9.17781,device=utomhus
2025-10-15T08:45:04+0100,type=logenergyusage,wh=3
2025-10-15T08:46:04+0100,type=logenergyusage,wh=2
2025-10-15T08:47:04+0100,type=logenergyusage,wh=4
2025-10-15T08:48:04+0100,type=logenergyusage,wh=5
2025-10-15T08:49:04+0100,type=logenergyusage,wh=3
2025-10-15T08:50:04+0100,type=logenergyusage,wh=3
2025-10-15T08:51:04+0100,type=logenergyusage,wh=3
2025-10-15T08:52:04+0100,type=logenergyusage,wh=4
2025-10-15T09:53:04+0200,type=logenergyusage,wh=3
2025-10-15T09:54:04+0200,type=addsensorvalue,temperature=31.8,humidity=24.9,dewpoint=9.3,device=vvb
2025-10-15T09:54:04+0200,type=logenergyusage,wh=3
2025-10-15T09:54:04+0200,type=addsensorvalue,temperature=21.3,humidity=52.1,dewpoint=11.1,device=kontor
2025-10-15T09:54:04+0200,type=addsensorvalue,temperature=11.6,humidity=83.0,dewpoint=8.8,device=utevind
2025-10-15T09:54:07+0200,type=addsensorvalue,temperature=20.5,humidity=55.0,dewpoint=11.1,device=nerehall
2025-10-15T09:54:16+0200,type=addsensorvalue,temperature=8.9,humidity=100.0,dewpoint=8.9,device=innevind
2025-10-15T09:55:04+0200,type=logenergyusage,wh=3
2025-10-15T09:56:04+0200,type=logenergyusage,wh=3
2025-10-15T09:57:04+0200,type=logenergyusage,wh=3
2025-10-15T09:58:04+0200,type=logenergyusage,wh=3
2025-10-15T09:59:04+0200,type=logenergyusage,wh=3
2025-10-15T10:00:01+0200,type=addsensorvalue,temperature=10.26,humidity=93.0,dewpoint=9.17781,device=utomhus
2025-10-15T10:00:04+0200,type=logenergyusage,wh=3
2025-10-15T10:01:04+0200,type=logenergyusage,wh=3
2025-10-15T10:02:04+0200,type=logenergyusage,wh=3
2025-10-15T10:03:04+0200,type=logenergyusage,wh=3
2025-10-15T10:04:04+0200,type=logenergyusage,wh=3
2025-10-15T10:05:04+0200,type=logenergyusage,wh=3
2025-10-15T10:06:04+0200,type=logenergyusage,wh=3
2025-10-15T10:07:04+0200,type=logenergyusage,wh=2
